#
# There is insufficient memory for the Java Runtime Environment to continue.
# Native memory allocation (mmap) failed to map 264241152 bytes. Error detail: G1 virtual space
# Possible reasons:
#   The system is out of physical RAM or swap space
#   This process is running with CompressedOops enabled, and the Java Heap may be blocking the growth of the native heap
# Possible solutions:
#   Reduce memory load on the system
#   Increase physical memory or swap space
#   Check if swap backing store is full
#   Decrease Java heap size (-Xmx/-Xms)
#   Decrease number of Java threads
#   Decrease Java thread stack sizes (-Xss)
#   Set larger code cache with -XX:ReservedCodeCacheSize=
#   JVM is running with Zero Based Compressed Oops mode in which the Java heap is
#     placed in the first 32GB address space. The Java Heap base address is the
#     maximum limit for the native heap growth. Please use -XX:HeapBaseMinAddress
#     to set the Java Heap base and to place the Java Heap above 32GB virtual address.
# This output file may be truncated or incomplete.
#
#  Out of Memory Error (os_windows.cpp:3815), pid=3180, tid=12784
#
# JRE version:  (21.0.3) (build )
# Java VM: OpenJDK 64-Bit Server VM (21.0.3+-12282718-b509.11, mixed mode, sharing, tiered, compressed oops, compressed class ptrs, g1 gc, windows-amd64)
# No core dump will be written. Minidumps are not enabled by default on client versions of Windows
#

---------------  S U M M A R Y ------------

Command Line: org.jetbrains.kotlin.cli.jvm.K2JVMCompiler @C:\Users\gaziz\AndroidStudioProjects\ClickerGame\app\build\20241020_10475080079575127756.compiler.options

Host: 11th Gen Intel(R) Core(TM) i7-11800H @ 2.30GHz, 16 cores, 15G,  Windows 11 , 64 bit Build 22621 (10.0.22621.3958)
Time: Sun Oct 20 17:26:57 2024  Windows 11 , 64 bit Build 22621 (10.0.22621.3958) elapsed time: 0.006969 seconds (0d 0h 0m 0s)

---------------  T H R E A D  ---------------

Current thread (0x000001e27f82c080):  JavaThread "Unknown thread" [_thread_in_vm, id=12784, stack(0x000000c0c5800000,0x000000c0c5900000) (1024K)]

Stack: [0x000000c0c5800000,0x000000c0c5900000]
Native frames: (J=compiled Java code, j=interpreted, Vv=VM code, C=native code)
V  [jvm.dll+0x6cafb9]
V  [jvm.dll+0x858523]
V  [jvm.dll+0x85aa7e]
V  [jvm.dll+0x85b163]
V  [jvm.dll+0x27d356]
V  [jvm.dll+0x6c7865]
V  [jvm.dll+0x6bbd3a]
V  [jvm.dll+0x35199b]
V  [jvm.dll+0x3595d6]
V  [jvm.dll+0x3aa826]
V  [jvm.dll+0x3aaaf8]
V  [jvm.dll+0x3240bc]
V  [jvm.dll+0x324dab]
V  [jvm.dll+0x81fd89]
V  [jvm.dll+0x3b7c08]
V  [jvm.dll+0x80921d]
V  [jvm.dll+0x44c05e]
V  [jvm.dll+0x44d6b1]
C  [jli.dll+0x52ab]
C  [ucrtbase.dll+0x29333]
C  [KERNEL32.DLL+0x1257d]
C  [ntdll.dll+0x5af08]


---------------  P R O C E S S  ---------------

Threads class SMR info:
_java_thread_list=0x00007ffb4a0f57c8, length=0, elements={
}

Java Threads: ( => current thread )
Total: 0

Other Threads:
  0x000001e201cb0910 WorkerThread "GC Thread#0"                     [id=8844, stack(0x000000c0c5900000,0x000000c0c5a00000) (1024K)]
  0x000001e201cc4ff0 ConcurrentGCThread "G1 Main Marker"            [id=2792, stack(0x000000c0c5a00000,0x000000c0c5b00000) (1024K)]
  0x000001e201cc5af0 WorkerThread "G1 Conc#0"                       [id=6824, stack(0x000000c0c5b00000,0x000000c0c5c00000) (1024K)]

[error occurred during error reporting (printing all threads), id 0xc0000005, EXCEPTION_ACCESS_VIOLATION (0xc0000005) at pc=0x00007ffb498f7197]
VM state: not at safepoint (not fully initialized)

VM Mutex/Monitor currently owned by a thread:  ([mutex/lock_event])
[0x00007ffb4a1621c8] Heap_lock - owner thread: 0x000001e27f82c080

Heap address: 0x0000000704000000, size: 4032 MB, Compressed Oops mode: Zero based, Oop shift amount: 3

CDS archive(s) mapped at: [0x0000000000000000-0x0000000000000000-0x0000000000000000), size 0, SharedBaseAddress: 0x0000000800000000, ArchiveRelocationMode: 1.
Narrow klass base: 0x0000000000000000, Narrow klass shift: 0, Narrow klass range: 0x0

GC Precious Log:
 CardTable entry size: 512
 Card Set container configuration: InlinePtr #cards 4 size 8 Array Of Cards #cards 16 size 48 Howl #buckets 8 coarsen threshold 3686 Howl Bitmap #cards 512 size 80 coarsen threshold 460 Card regions per heap region 1 cards per card region 4096

Heap:
 garbage-first heap   total 0K, used 0K [0x0000000704000000, 0x0000000800000000)
  region size 2048K, 0 young (0K), 0 survivors (0K)
 Metaspace       used 0K, committed 0K, reserved 0K
  class space    used 0K, committed 0K, reserved 0K

Heap Regions: E=young(eden), S=young(survivor), O=old, HS=humongous(starts), HC=humongous(continues), CS=collection set, F=free, TAMS=top-at-mark-start, PB=parsable bottom

Card table byte_map: [0x000001e214e00000,0x000001e2155e0000] _byte_map_base: 0x000001e2115e0000

Marking Bits: (CMBitMap*) 0x000001e201cb16f0
 Bits: [0x000001e2155e0000, 0x000001e2194e0000)

GC Heap History (0 events):
No events

Dll operation events (1 events):
Event: 0.004 Loaded shared library C:\Users\gaziz\AppData\Local\Programs\Android Studio\jbr\bin\java.dll

Deoptimization events (0 events):
No events

Classes loaded (0 events):
No events

Classes unloaded (0 events):
No events

Classes redefined (0 events):
No events

Internal exceptions (0 events):
No events

ZGC Phase Switch (0 events):
No events

VM Operations (0 events):
No events

Events (0 events):
No events


Dynamic libraries:
0x00007ff761fe0000 - 0x00007ff761fea000 	C:\Users\gaziz\AppData\Local\Programs\Android Studio\jbr\bin\java.exe
0x00007ffbbd3b0000 - 0x00007ffbbd5c7000 	C:\WINDOWS\SYSTEM32\ntdll.dll
0x00007ffbbd090000 - 0x00007ffbbd154000 	C:\WINDOWS\System32\KERNEL32.DLL
0x00007ffbba940000 - 0x00007ffbbacf7000 	C:\WINDOWS\System32\KERNELBASE.dll
0x00007ffbba820000 - 0x00007ffbba931000 	C:\WINDOWS\System32\ucrtbase.dll
0x00007ffb9fc70000 - 0x00007ffb9fc88000 	C:\Users\gaziz\AppData\Local\Programs\Android Studio\jbr\bin\jli.dll
0x00007ffbaf0a0000 - 0x00007ffbaf0bb000 	C:\Users\gaziz\AppData\Local\Programs\Android Studio\jbr\bin\VCRUNTIME140.dll
0x00007ffbbb0e0000 - 0x00007ffbbb28f000 	C:\WINDOWS\System32\USER32.dll
0x00007ffbba6c0000 - 0x00007ffbba6e6000 	C:\WINDOWS\System32\win32u.dll
0x00007ffb98be0000 - 0x00007ffb98e73000 	C:\WINDOWS\WinSxS\amd64_microsoft.windows.common-controls_6595b64144ccf1df_6.0.22621.3672_none_2713b9d173822955\COMCTL32.dll
0x00007ffbbbb40000 - 0x00007ffbbbb69000 	C:\WINDOWS\System32\GDI32.dll
0x00007ffbbd2c0000 - 0x00007ffbbd367000 	C:\WINDOWS\System32\msvcrt.dll
0x00007ffbbad00000 - 0x00007ffbbae18000 	C:\WINDOWS\System32\gdi32full.dll
0x00007ffbbb040000 - 0x00007ffbbb0da000 	C:\WINDOWS\System32\msvcp_win.dll
0x00007ffbbb9a0000 - 0x00007ffbbb9d1000 	C:\WINDOWS\System32\IMM32.DLL
0x00007ffbb4700000 - 0x00007ffbb470c000 	C:\Users\gaziz\AppData\Local\Programs\Android Studio\jbr\bin\vcruntime140_1.dll
0x00007ffb9fbe0000 - 0x00007ffb9fc6d000 	C:\Users\gaziz\AppData\Local\Programs\Android Studio\jbr\bin\msvcp140.dll
0x00007ffb495c0000 - 0x00007ffb4a23d000 	C:\Users\gaziz\AppData\Local\Programs\Android Studio\jbr\bin\server\jvm.dll
0x00007ffbbb8e0000 - 0x00007ffbbb992000 	C:\WINDOWS\System32\ADVAPI32.dll
0x00007ffbbbfb0000 - 0x00007ffbbc058000 	C:\WINDOWS\System32\sechost.dll
0x00007ffbbae20000 - 0x00007ffbbae48000 	C:\WINDOWS\System32\bcrypt.dll
0x00007ffbbcce0000 - 0x00007ffbbcdf4000 	C:\WINDOWS\System32\RPCRT4.dll
0x00007ffbbd200000 - 0x00007ffbbd271000 	C:\WINDOWS\System32\WS2_32.dll
0x00007ffbba590000 - 0x00007ffbba5dd000 	C:\WINDOWS\SYSTEM32\POWRPROF.dll
0x00007ffbafd20000 - 0x00007ffbafd54000 	C:\WINDOWS\SYSTEM32\WINMM.dll
0x00007ffbafbd0000 - 0x00007ffbafbda000 	C:\WINDOWS\SYSTEM32\VERSION.dll
0x00007ffbba570000 - 0x00007ffbba583000 	C:\WINDOWS\SYSTEM32\UMPDC.dll
0x00007ffbb9800000 - 0x00007ffbb9818000 	C:\WINDOWS\SYSTEM32\kernel.appcore.dll
0x00007ffbaf5b0000 - 0x00007ffbaf5ba000 	C:\Users\gaziz\AppData\Local\Programs\Android Studio\jbr\bin\jimage.dll
0x00007ffbb7ec0000 - 0x00007ffbb80f2000 	C:\WINDOWS\SYSTEM32\DBGHELP.DLL
0x00007ffbbc0e0000 - 0x00007ffbbc46e000 	C:\WINDOWS\System32\combase.dll
0x00007ffbbce00000 - 0x00007ffbbced7000 	C:\WINDOWS\System32\OLEAUT32.dll
0x00007ffbad340000 - 0x00007ffbad372000 	C:\WINDOWS\SYSTEM32\dbgcore.DLL
0x00007ffbbafc0000 - 0x00007ffbbb03b000 	C:\WINDOWS\System32\bcryptPrimitives.dll
0x00007ffbacfd0000 - 0x00007ffbacfef000 	C:\Users\gaziz\AppData\Local\Programs\Android Studio\jbr\bin\java.dll

dbghelp: loaded successfully - version: 4.0.5 - missing functions: none
symbol engine: initialized successfully - sym options: 0x614 - pdb path: .;C:\Users\gaziz\AppData\Local\Programs\Android Studio\jbr\bin;C:\WINDOWS\SYSTEM32;C:\WINDOWS\WinSxS\amd64_microsoft.windows.common-controls_6595b64144ccf1df_6.0.22621.3672_none_2713b9d173822955;C:\Users\gaziz\AppData\Local\Programs\Android Studio\jbr\bin\server

VM Arguments:
java_command: org.jetbrains.kotlin.cli.jvm.K2JVMCompiler @C:\Users\gaziz\AndroidStudioProjects\ClickerGame\app\build\20241020_10475080079575127756.compiler.options
java_class_path (initial): C:\Users\gaziz\.gradle\caches\modules-2\files-2.1\org.jetbrains.kotlin\kotlin-compiler-embeddable\2.0.0\1de310de3446414381282ffc46c3ed3919a4d1da\kotlin-compiler-embeddable-2.0.0.jar;C:\Users\gaziz\.gradle\caches\modules-2\files-2.1\org.jetbrains.kotlin\kotlin-stdlib\2.0.0\b48df2c4aede9586cc931ead433bc02d6fd7879e\kotlin-stdlib-2.0.0.jar;C:\Users\gaziz\.gradle\caches\modules-2\files-2.1\org.jetbrains.kotlin\kotlin-script-runtime\2.0.0\fdc27dd047d592fa41d2dfa21e7621287a361612\kotlin-script-runtime-2.0.0.jar;C:\Users\gaziz\.gradle\caches\modules-2\files-2.1\org.jetbrains.kotlin\kotlin-reflect\1.6.10\1cbe9c92c12a94eea200d23c2bbaedaf3daf5132\kotlin-reflect-1.6.10.jar;C:\Users\gaziz\.gradle\caches\modules-2\files-2.1\org.jetbrains.kotlin\kotlin-daemon-embeddable\2.0.0\b39c612768614c4428c96ee9c65477181fffe9d\kotlin-daemon-embeddable-2.0.0.jar;C:\Users\gaziz\.gradle\caches\modules-2\files-2.1\org.jetbrains.intellij.deps\trove4j\1.0.20200330\3afb14d5f9ceb459d724e907a21145e8ff394f02\trove4j-1.0.20200330.jar;C:\Users\gaziz\.gradle\caches\modules-2\files-2.1\org.jetbrains\annotations\13.0\919f0dfe192fb4e063e7dacadee7f8bb9a2672a9\annotations-13.0.jar
Launcher Type: SUN_STANDARD

[Global flags]
     intx CICompilerCount                          = 12                                        {product} {ergonomic}
     uint ConcGCThreads                            = 3                                         {product} {ergonomic}
     uint G1ConcRefinementThreads                  = 13                                        {product} {ergonomic}
   size_t G1HeapRegionSize                         = 2097152                                   {product} {ergonomic}
    uintx GCDrainStackTargetSize                   = 64                                        {product} {ergonomic}
   size_t InitialHeapSize                          = 264241152                                 {product} {ergonomic}
   size_t MarkStackSize                            = 4194304                                   {product} {ergonomic}
   size_t MaxHeapSize                              = 4227858432                                {product} {ergonomic}
   size_t MinHeapDeltaBytes                        = 2097152                                   {product} {ergonomic}
   size_t MinHeapSize                              = 8388608                                   {product} {ergonomic}
    uintx NonNMethodCodeHeapSize                   = 7602480                                {pd product} {ergonomic}
    uintx NonProfiledCodeHeapSize                  = 122027880                              {pd product} {ergonomic}
    uintx ProfiledCodeHeapSize                     = 122027880                              {pd product} {ergonomic}
    uintx ReservedCodeCacheSize                    = 251658240                              {pd product} {ergonomic}
     bool SegmentedCodeCache                       = true                                      {product} {ergonomic}
   size_t SoftMaxHeapSize                          = 4227858432                             {manageable} {ergonomic}
     bool UseCompressedOops                        = true                           {product lp64_product} {ergonomic}
     bool UseG1GC                                  = true                                      {product} {ergonomic}
     bool UseLargePagesIndividualAllocation        = false                                  {pd product} {ergonomic}

Logging:
Log output configuration:
 #0: stdout all=warning uptime,level,tags foldmultilines=false
 #1: stderr all=off uptime,level,tags foldmultilines=false

Environment Variables:
PATH=C:\WINDOWS\system32;C:\WINDOWS;C:\WINDOWS\System32\Wbem;C:\WINDOWS\System32\WindowsPowerShell\v1.0\;C:\WINDOWS\System32\OpenSSH\;C:\Program Files\dotnet\;C:\Program Files\Microsoft SQL Server\150\Tools\Binn\;C:\Program Files\Git\cmd;C:\Program Files\Go\bin;C:\Program Files\nodejs\;C:\Users\gaziz\.cargo\bin;D:\Scripts\;D:\;C:\Users\gaziz\AppData\Local\Microsoft\WindowsApps;D:\PyCharm 2024.1.4\bin;C:\Users\gaziz\.dotnet\tools;C:\Users\gaziz\AppData\Local\JetBrains\Toolbox\scripts;C:\Users\gaziz\AppData\Local\Programs\Microsoft VS Code\bin;C:\Users\gaziz\AppData\Local\GitHubDesktop\bin;C:\Users\gaziz\go\bin;C:\Users\gaziz\AppData\Roaming\npm
USERNAME=gaziz
OS=Windows_NT
PROCESSOR_IDENTIFIER=Intel64 Family 6 Model 141 Stepping 1, GenuineIntel
TMP=C:\Users\gaziz\AppData\Local\Temp
TEMP=C:\Users\gaziz\AppData\Local\Temp




Periodic native trim disabled

JNI global refs:
JNI global refs: 0, weak refs: 0

JNI global refs memory usage: 0, weak refs: 0

Process memory usage:
Resident Set Size: 11920K (0% of 16508036K total physical memory with 857988K free physical memory)

OOME stack traces (most recent first):
Classloader memory used:

---------------  S Y S T E M  ---------------

OS:
 Windows 11 , 64 bit Build 22621 (10.0.22621.3958)
OS uptime: 0 days 0:15 hours
Hyper-V role detected

CPU: total 16 (initial active 16) (8 cores per cpu, 2 threads per core) family 6 model 141 stepping 1 microcode 0x50, cx8, cmov, fxsr, ht, mmx, 3dnowpref, sse, sse2, sse3, ssse3, sse4.1, sse4.2, popcnt, lzcnt, tsc, tscinvbit, avx, avx2, aes, erms, clmul, bmi1, bmi2, adx, avx512f, avx512dq, avx512cd, avx512bw, avx512vl, sha, fma, vzeroupper, avx512_vpopcntdq, avx512_vpclmulqdq, avx512_vaes, avx512_vnni, clflush, clflushopt, clwb, avx512_vbmi2, avx512_vbmi, hv, rdtscp, rdpid, fsrm, gfni, avx512_bitalg, f16c, cet_ibt, cet_ss, avx512_ifma
Processor Information for all 16 processors :
  Max Mhz: 2304, Current Mhz: 2304, Mhz Limit: 2304

Memory: 4k page, system-wide physical 16121M (839M free)
TotalPageFile size 16121M (AvailPageFile size 301M)
current process WorkingSet (physical memory assigned to process): 11M, peak: 11M
current process commit charge ("private bytes"): 70M, peak: 322M

vm_info: OpenJDK 64-Bit Server VM (21.0.3+-12282718-b509.11) for windows-amd64 JRE (21.0.3+-12282718-b509.11), built on 2024-08-27T17:34:15Z by "builder" with MS VC++ 16.10 / 16.11 (VS2019)

END.
